<?xml version="1.0" encoding="UTF-8"?>
<!-- Generated by org.testng.reporters.JUnitReportReporter -->
<testsuite hostname="swapnil-PC" failures="0" tests="1" name="pom_practise.VerifyLogin" time="164.621" errors="0" timestamp="29 Jun 2018 18:18:56 GMT" skipped="0">
  <testcase classname="pom_practise.VerifyLogin" name="checkAuthorization" time="164.621"/>
</testsuite> <!-- pom_practise.VerifyLogin -->
