<?xml version="1.0" encoding="UTF-8"?>
<!-- Generated by org.testng.reporters.JUnitReportReporter -->
<testsuite hostname="swapnil-PC" failures="0" tests="1" name="POM.Utility_UserLogin" time="78.774" errors="0" timestamp="14 Jul 2018 08:05:15 GMT" skipped="0">
  <testcase classname="POM.Utility_UserLogin" name="user_login" time="78.774"/>
</testsuite> <!-- POM.Utility_UserLogin -->
