<?xml version="1.0" encoding="UTF-8"?>
<!-- Generated by org.testng.reporters.JUnitReportReporter -->
<testsuite hostname="swapnil-PC" failures="0" tests="2" name="POM.VerifyUser" time="176.276" errors="0" timestamp="14 Jul 2018 10:57:51 GMT" skipped="0">
  <testcase classname="POM.VerifyUser" name="verifyapplicant" time="88.221"/>
  <testcase classname="POM.VerifyUser" name="verifyguarantor" time="88.055"/>
</testsuite> <!-- POM.VerifyUser -->
