<?xml version="1.0" encoding="UTF-8"?>
<!-- Generated by org.testng.reporters.JUnitReportReporter -->
<testsuite skipped="0" hostname="QA90" name="POM.Test_FR_AgPur_AgFill" tests="1" failures="0" timestamp="18 Dec 2018 11:46:20 GMT" time="85.655" errors="0">
  <testcase name="FR_AgPur_AgFill" time="85.655" classname="POM.Test_FR_AgPur_AgFill"/>
</testsuite> <!-- POM.Test_FR_AgPur_AgFill -->
