<?xml version="1.0" encoding="UTF-8"?>
<!-- Generated by org.testng.reporters.JUnitReportReporter -->
<testsuite skipped="0" hostname="QA90" name="POM.Test_FR_TenantToPur_TenantToFill" tests="1" failures="0" timestamp="20 Dec 2018 14:22:20 GMT" time="119.025" errors="0">
  <testcase name="FR_TenantToPur_TenantToFill" time="119.025" classname="POM.Test_FR_TenantToPur_TenantToFill"/>
</testsuite> <!-- POM.Test_FR_TenantToPur_TenantToFill -->
