<?xml version="1.0" encoding="UTF-8"?>
<!-- Generated by org.testng.reporters.JUnitReportReporter -->
<testsuite skipped="0" hostname="QA90" name="POM.Test_CR_AgPur_AgFill" tests="1" failures="0" timestamp="18 Dec 2018 12:56:36 GMT" time="56.814" errors="0">
  <testcase name="CR_AgPur_AgFill" time="56.814" classname="POM.Test_CR_AgPur_AgFill"/>
</testsuite> <!-- POM.Test_CR_AgPur_AgFill -->
