<?xml version="1.0" encoding="UTF-8"?>
<!-- Generated by org.testng.reporters.JUnitReportReporter -->
<testsuite hostname="swapnil-PC" failures="0" tests="2" name="POM.AddUser" time="240.303" errors="0" timestamp="14 Jul 2018 10:50:08 GMT" skipped="0">
  <testcase classname="POM.AddUser" name="verifyguarantor" time="129.757"/>
  <testcase classname="POM.AddUser" name="verifyapplicant" time="110.546"/>
</testsuite> <!-- POM.AddUser -->
