<?xml version="1.0" encoding="UTF-8"?>
<!-- Generated by org.testng.reporters.JUnitReportReporter -->
<testsuite skipped="0" hostname="QA90" name="POM.TestAuthentication" tests="1" failures="0" timestamp="18 Dec 2018 09:54:19 GMT" time="0.585" errors="0">
  <testcase name="verifyAuthentication" time="0.585" classname="POM.TestAuthentication"/>
</testsuite> <!-- POM.TestAuthentication -->
