<?xml version="1.0" encoding="UTF-8"?>
<!-- Generated by org.testng.reporters.JUnitReportReporter -->
<testsuite hostname="swapnil-PC" failures="0" tests="1" name="POM.TestAuthenticationTest" time="303.325" errors="0" timestamp="23 Jun 2018 16:49:38 GMT" skipped="0">
  <testcase classname="POM.TestAuthenticationTest" name="checkAuthentication" time="303.325"/>
</testsuite> <!-- POM.TestAuthenticationTest -->
