<?xml version="1.0" encoding="UTF-8"?>
<!-- Generated by org.testng.reporters.JUnitReportReporter -->
<testsuite hostname="swapnil-PC" failures="0" tests="1" name="scripts.resources.AnnaUniversityTestTestNG" time="102.263" errors="0" timestamp="21 Jun 2018 04:10:37 GMT" skipped="0">
  <testcase classname="scripts.resources.AnnaUniversityTestTestNG" name="test" time="102.263"/>
</testsuite> <!-- scripts.resources.AnnaUniversityTestTestNG -->
